2016-06-23 00:53:04,953 p=8888 u=root |   
2016-06-23 00:53:04,954 p=8888 u=root |  /usr/local/bin/ansible-playbook -i inventory local.yml
2016-06-23 00:53:04,954 p=8888 u=root |   
2016-06-23 00:53:05,052 p=8888 u=root |  PLAY [all] ******************************************************************** 
2016-06-23 00:53:05,052 p=8888 u=root |  GATHERING FACTS *************************************************************** 
2016-06-23 00:53:05,894 p=8888 u=root |  ok: [localhost]
2016-06-23 00:53:05,899 p=8888 u=root |  TASK: [command uname -r] ****************************************************** 
2016-06-23 00:53:06,075 p=8888 u=root |  changed: [localhost -> 127.0.0.1]
2016-06-23 00:53:06,082 p=8888 u=root |  TASK: [set_fact ] ************************************************************* 
2016-06-23 00:53:06,084 p=8888 u=root |  ok: [localhost]
2016-06-23 00:53:06,085 p=8888 u=root |  TASK: [command ./scripts/osrel.sh] ******************************************** 
2016-06-23 00:53:06,185 p=8888 u=root |  changed: [localhost -> 127.0.0.1]
2016-06-23 00:53:06,189 p=8888 u=root |  TASK: [set_fact ] ************************************************************* 
2016-06-23 00:53:06,191 p=8888 u=root |  ok: [localhost]
2016-06-23 00:53:06,192 p=8888 u=root |  TASK: [set_fact ] ************************************************************* 
2016-06-23 00:53:06,193 p=8888 u=root |  ok: [localhost]
2016-06-23 00:53:06,193 p=8888 u=root |  TASK: [clone this playbook to osa deployer for re-execution] ****************** 
2016-06-23 00:53:06,621 p=8888 u=root |  changed: [localhost -> 127.0.0.1]
2016-06-23 00:53:06,625 p=8888 u=root |  TASK: [execute remote playbook] *********************************************** 
2016-06-23 00:55:15,921 p=8888 u=root |  changed: [localhost]
2016-06-23 00:55:15,926 p=8888 u=root |  TASK: [retrieve remote execution log file] ************************************ 
2016-06-23 00:55:16,410 p=8888 u=root |  changed: [localhost]
2016-06-23 00:55:16,416 p=8888 u=root |  TASK: [retrieve generated vars.yml file] ************************************** 
2016-06-23 00:55:16,538 p=8888 u=root |  ok: [localhost]
2016-06-23 00:55:16,543 p=8888 u=root |  TASK: [retrieve osa groups file] ********************************************** 
2016-06-23 00:55:16,664 p=8888 u=root |  ok: [localhost]
2016-06-23 00:55:16,672 p=8888 u=root |  TASK: [retrieve osa ips file] ************************************************* 
2016-06-23 00:55:16,915 p=8888 u=root |  ok: [localhost]
2016-06-23 00:55:16,921 p=8888 u=root |  TASK: [retrieve osa inventory file] ******************************************* 
2016-06-23 00:55:17,041 p=8888 u=root |  changed: [localhost]
2016-06-23 00:55:17,047 p=8888 u=root |  TASK: [fix inventory file for import] ***************************************** 
2016-06-23 00:55:17,220 p=8888 u=root |  changed: [localhost -> 127.0.0.1]
2016-06-23 00:55:17,225 p=8888 u=root |  TASK: [imports osa inventory] ************************************************* 
2016-06-23 00:55:17,227 p=8888 u=root |  ok: [localhost]
2016-06-23 00:55:17,227 p=8888 u=root |  TASK: [generate opsmgr inventory file from osa hosts] ************************* 
2016-06-23 00:55:17,374 p=8888 u=root |  ok: [localhost -> 127.0.0.1]
2016-06-23 00:55:17,380 p=8888 u=root |  TASK: [ensures /etc/opsmgr exists] ******************************************** 
2016-06-23 00:55:17,459 p=8888 u=root |  ok: [localhost]
2016-06-23 00:55:17,465 p=8888 u=root |  TASK: [drop .spec file in deployer to denote this is osa] ********************* 
2016-06-23 00:55:17,886 p=8888 u=root |  changed: [localhost]
2016-06-23 00:55:17,891 p=8888 u=root |  TASK: [remove temp files] ***************************************************** 
2016-06-23 00:55:18,018 p=8888 u=root |  changed: [localhost]
2016-06-23 00:55:18,023 p=8888 u=root |  PLAY RECAP ******************************************************************** 
2016-06-23 00:55:18,023 p=8888 u=root |  localhost                  : ok=19   changed=9    unreachable=0    failed=0   
